
**** Build of configuration Debug for project ScoreBoard ****

"C:\\ti\\ccs1010\\ccs\\utils\\bin\\gmake" -k -j 12 USB -O 
 
gmake: *** No rule to make target 'USB'.

**** Build Finished ****

**** Build of configuration Debug for project ScoreBoard ****

"C:\\ti\\ccs1010\\ccs\\utils\\bin\\gmake" -k -j 12 all -O 
 
gmake[1]: 'ScoreBoard.out' is up to date.

**** Build Finished ****

**** Clean-only build of configuration Debug for project ScoreBoard ****

"C:\\ti\\ccs1010\\ccs\\utils\\bin\\gmake" -k -j 12 clean -O 
 
DEL /F  "ScoreBoard.hex"  "ScoreBoard.out" 
DEL /F "Init.obj" "RS485.obj" "Timer.obj" "blinker.obj" "global.obj" "handledatabuffer.obj" "main.obj" "rxbuffer.obj" 
DEL /F "Init.d" "RS485.d" "Timer.d" "blinker.d" "global.d" "handledatabuffer.d" "main.d" "rxbuffer.d" 
Finished clean
 

**** Build Finished ****

**** Build of configuration Debug for project ScoreBoard ****

"C:\\ti\\ccs1010\\ccs\\utils\\bin\\gmake" -k -j 12 all -O 
 
Building file: "../blinker.c"
Invoking: MSP430 Compiler
"C:/ti/ccs1010/ccs/tools/compiler/ti-cgt-msp430_20.8.0.STS/bin/cl430" -vmspx --data_model=restricted --use_hw_mpy=F5 --include_path="C:/ti/ccs1010/ccs/ccs_base/msp430/include" --include_path="C:/data/projects/Point tavle/Git/ScoreBoard/ScoreBoard" --include_path="C:/ti/ccs1010/ccs/tools/compiler/ti-cgt-msp430_20.8.0.STS/include" --advice:power=all --define=__MSP430F5419A__ -g --printf_support=minimal --diag_warning=225 --diag_wrap=off --display_error_number --silicon_errata=CPU21 --silicon_errata=CPU22 --silicon_errata=CPU23 --silicon_errata=CPU40 --preproc_with_compile --preproc_dependency="blinker.d_raw"  "../blinker.c"
Finished building: "../blinker.c"
 
Building file: "../global.c"
Invoking: MSP430 Compiler
"C:/ti/ccs1010/ccs/tools/compiler/ti-cgt-msp430_20.8.0.STS/bin/cl430" -vmspx --data_model=restricted --use_hw_mpy=F5 --include_path="C:/ti/ccs1010/ccs/ccs_base/msp430/include" --include_path="C:/data/projects/Point tavle/Git/ScoreBoard/ScoreBoard" --include_path="C:/ti/ccs1010/ccs/tools/compiler/ti-cgt-msp430_20.8.0.STS/include" --advice:power=all --define=__MSP430F5419A__ -g --printf_support=minimal --diag_warning=225 --diag_wrap=off --display_error_number --silicon_errata=CPU21 --silicon_errata=CPU22 --silicon_errata=CPU23 --silicon_errata=CPU40 --preproc_with_compile --preproc_dependency="global.d_raw"  "../global.c"
"../global.c", line 9: remark #1535-D: (ULP 8.1) variable "DataBufferData" is used as a constant. Recommend declaring variable as either 'static const' or 'const'
Finished building: "../global.c"
 
Building file: "../Timer.c"
Invoking: MSP430 Compiler
"C:/ti/ccs1010/ccs/tools/compiler/ti-cgt-msp430_20.8.0.STS/bin/cl430" -vmspx --data_model=restricted --use_hw_mpy=F5 --include_path="C:/ti/ccs1010/ccs/ccs_base/msp430/include" --include_path="C:/data/projects/Point tavle/Git/ScoreBoard/ScoreBoard" --include_path="C:/ti/ccs1010/ccs/tools/compiler/ti-cgt-msp430_20.8.0.STS/include" --advice:power=all --define=__MSP430F5419A__ -g --printf_support=minimal --diag_warning=225 --diag_wrap=off --display_error_number --silicon_errata=CPU21 --silicon_errata=CPU22 --silicon_errata=CPU23 --silicon_errata=CPU40 --preproc_with_compile --preproc_dependency="Timer.d_raw"  "../Timer.c"
Finished building: "../Timer.c"
 
Building file: "../Init.c"
Invoking: MSP430 Compiler
"C:/ti/ccs1010/ccs/tools/compiler/ti-cgt-msp430_20.8.0.STS/bin/cl430" -vmspx --data_model=restricted --use_hw_mpy=F5 --include_path="C:/ti/ccs1010/ccs/ccs_base/msp430/include" --include_path="C:/data/projects/Point tavle/Git/ScoreBoard/ScoreBoard" --include_path="C:/ti/ccs1010/ccs/tools/compiler/ti-cgt-msp430_20.8.0.STS/include" --advice:power=all --define=__MSP430F5419A__ -g --printf_support=minimal --diag_warning=225 --diag_wrap=off --display_error_number --silicon_errata=CPU21 --silicon_errata=CPU22 --silicon_errata=CPU23 --silicon_errata=CPU40 --preproc_with_compile --preproc_dependency="Init.d_raw"  "../Init.c"
Finished building: "../Init.c"
 
Building file: "../handledatabuffer.c"
Invoking: MSP430 Compiler
"C:/ti/ccs1010/ccs/tools/compiler/ti-cgt-msp430_20.8.0.STS/bin/cl430" -vmspx --data_model=restricted --use_hw_mpy=F5 --include_path="C:/ti/ccs1010/ccs/ccs_base/msp430/include" --include_path="C:/data/projects/Point tavle/Git/ScoreBoard/ScoreBoard" --include_path="C:/ti/ccs1010/ccs/tools/compiler/ti-cgt-msp430_20.8.0.STS/include" --advice:power=all --define=__MSP430F5419A__ -g --printf_support=minimal --diag_warning=225 --diag_wrap=off --display_error_number --silicon_errata=CPU21 --silicon_errata=CPU22 --silicon_errata=CPU23 --silicon_errata=CPU40 --preproc_with_compile --preproc_dependency="handledatabuffer.d_raw"  "../handledatabuffer.c"
"../handledatabuffer.c", line 137: remark #1530-D: (ULP 5.1) Detected divide operation(s). Recommend moving them to RAM during run time or not using as these are processing/power intensive
"../handledatabuffer.c", line 138: remark #1530-D: (ULP 5.1) Detected modulo operation(s). Recommend moving them to RAM during run time or not using as these are processing/power intensive
Finished building: "../handledatabuffer.c"
 
Building file: "../main.c"
Invoking: MSP430 Compiler
"C:/ti/ccs1010/ccs/tools/compiler/ti-cgt-msp430_20.8.0.STS/bin/cl430" -vmspx --data_model=restricted --use_hw_mpy=F5 --include_path="C:/ti/ccs1010/ccs/ccs_base/msp430/include" --include_path="C:/data/projects/Point tavle/Git/ScoreBoard/ScoreBoard" --include_path="C:/ti/ccs1010/ccs/tools/compiler/ti-cgt-msp430_20.8.0.STS/include" --advice:power=all --define=__MSP430F5419A__ -g --printf_support=minimal --diag_warning=225 --diag_wrap=off --display_error_number --silicon_errata=CPU21 --silicon_errata=CPU22 --silicon_errata=CPU23 --silicon_errata=CPU40 --preproc_with_compile --preproc_dependency="main.d_raw"  "../main.c"
"../main.c", line 56: remark #1527-D: (ULP 2.1) Detected SW delay loop using empty loop. Recommend using a timer module instead
"../main.c", line 62: remark #1527-D: (ULP 2.1) Detected SW delay loop using empty loop. Recommend using a timer module instead
"../main.c", line 68: remark #1527-D: (ULP 2.1) Detected SW delay loop using empty loop. Recommend using a timer module instead
"../main.c", line 74: remark #1527-D: (ULP 2.1) Detected SW delay loop using empty loop. Recommend using a timer module instead
"../main.c", line 80: remark #1527-D: (ULP 2.1) Detected SW delay loop using empty loop. Recommend using a timer module instead
"../main.c", line 86: remark #1527-D: (ULP 2.1) Detected SW delay loop using empty loop. Recommend using a timer module instead
"../main.c", line 92: remark #1527-D: (ULP 2.1) Detected SW delay loop using empty loop. Recommend using a timer module instead
"../main.c", line 98: remark #1527-D: (ULP 2.1) Detected SW delay loop using empty loop. Recommend using a timer module instead
"../main.c", line 36: remark #1535-D: (ULP 8.1) variable "Sek_count" is used as a constant. Recommend declaring variable as either 'static const' or 'const'
Finished building: "../main.c"
 
Building file: "../rxbuffer.c"
Invoking: MSP430 Compiler
"C:/ti/ccs1010/ccs/tools/compiler/ti-cgt-msp430_20.8.0.STS/bin/cl430" -vmspx --data_model=restricted --use_hw_mpy=F5 --include_path="C:/ti/ccs1010/ccs/ccs_base/msp430/include" --include_path="C:/data/projects/Point tavle/Git/ScoreBoard/ScoreBoard" --include_path="C:/ti/ccs1010/ccs/tools/compiler/ti-cgt-msp430_20.8.0.STS/include" --advice:power=all --define=__MSP430F5419A__ -g --printf_support=minimal --diag_warning=225 --diag_wrap=off --display_error_number --silicon_errata=CPU21 --silicon_errata=CPU22 --silicon_errata=CPU23 --silicon_errata=CPU40 --preproc_with_compile --preproc_dependency="rxbuffer.d_raw"  "../rxbuffer.c"
Finished building: "../rxbuffer.c"
 
Building file: "../RS485.c"
Invoking: MSP430 Compiler
"C:/ti/ccs1010/ccs/tools/compiler/ti-cgt-msp430_20.8.0.STS/bin/cl430" -vmspx --data_model=restricted --use_hw_mpy=F5 --include_path="C:/ti/ccs1010/ccs/ccs_base/msp430/include" --include_path="C:/data/projects/Point tavle/Git/ScoreBoard/ScoreBoard" --include_path="C:/ti/ccs1010/ccs/tools/compiler/ti-cgt-msp430_20.8.0.STS/include" --advice:power=all --define=__MSP430F5419A__ -g --printf_support=minimal --diag_warning=225 --diag_wrap=off --display_error_number --silicon_errata=CPU21 --silicon_errata=CPU22 --silicon_errata=CPU23 --silicon_errata=CPU40 --preproc_with_compile --preproc_dependency="RS485.d_raw"  "../RS485.c"
Finished building: "../RS485.c"
 
Building target: "ScoreBoard.out"
Invoking: MSP430 Linker
"C:/ti/ccs1010/ccs/tools/compiler/ti-cgt-msp430_20.8.0.STS/bin/cl430" -vmspx --data_model=restricted --use_hw_mpy=F5 --advice:power=all --define=__MSP430F5419A__ -g --printf_support=minimal --diag_warning=225 --diag_wrap=off --display_error_number --silicon_errata=CPU21 --silicon_errata=CPU22 --silicon_errata=CPU23 --silicon_errata=CPU40 -z -m"ScoreBoard.map" --heap_size=160 --stack_size=160 --cinit_hold_wdt=on -i"C:/ti/ccs1010/ccs/ccs_base/msp430/include" -i"C:/ti/ccs1010/ccs/ccs_base/msp430/lib/5xx_6xx_FRxx" -i"C:/ti/ccs1010/ccs/tools/compiler/ti-cgt-msp430_20.8.0.STS/lib" -i"C:/ti/ccs1010/ccs/tools/compiler/ti-cgt-msp430_20.8.0.STS/include" --reread_libs --diag_wrap=off --display_error_number --warn_sections --xml_link_info="ScoreBoard_linkInfo.xml" --use_hw_mpy=F5 --rom_model -o "ScoreBoard.out" "./Init.obj" "./RS485.obj" "./Timer.obj" "./blinker.obj" "./global.obj" "./handledatabuffer.obj" "./main.obj" "./rxbuffer.obj" "../lnk_msp430f5419a.cmd"  -llibmath.a -llibc.a 
<Linking>
remark #10372-D: (ULP 4.1) Detected uninitialized Port F in this project. Recommend initializing all unused ports to eliminate wasted current consumption on unused pins.
Finished building target: "ScoreBoard.out"
 

**** Build Finished ****

**** Build of configuration Debug for project Timer ****

"C:\\ti\\ccs1010\\ccs\\utils\\bin\\gmake" -k -j 12 all -O 
 
gmake[1]: 'Timer.out' is up to date.

**** Build Finished ****

**** Build of configuration Debug for project ScoreBoard ****

"C:\\ti\\ccs1010\\ccs\\utils\\bin\\gmake" -k -j 12 all -O 
 
gmake[1]: 'ScoreBoard.out' is up to date.

**** Build Finished ****

**** Build of configuration Debug for project ScoreBoard ****

"C:\\ti\\ccs1010\\ccs\\utils\\bin\\gmake" -k -j 12 all -O 
 
Building file: "../Timer.c"
Invoking: MSP430 Compiler
"C:/ti/ccs1010/ccs/tools/compiler/ti-cgt-msp430_20.8.0.STS/bin/cl430" -vmspx --data_model=restricted --use_hw_mpy=F5 --include_path="C:/ti/ccs1010/ccs/ccs_base/msp430/include" --include_path="C:/data/projects/Point tavle/Git/ScoreBoard/ScoreBoard" --include_path="C:/ti/ccs1010/ccs/tools/compiler/ti-cgt-msp430_20.8.0.STS/include" --advice:power=all --define=__MSP430F5419A__ -g --printf_support=minimal --diag_warning=225 --diag_wrap=off --display_error_number --silicon_errata=CPU21 --silicon_errata=CPU22 --silicon_errata=CPU23 --silicon_errata=CPU40 --preproc_with_compile --preproc_dependency="Timer.d_raw"  "../Timer.c"
Finished building: "../Timer.c"
 
Building file: "../RS485.c"
Invoking: MSP430 Compiler
"C:/ti/ccs1010/ccs/tools/compiler/ti-cgt-msp430_20.8.0.STS/bin/cl430" -vmspx --data_model=restricted --use_hw_mpy=F5 --include_path="C:/ti/ccs1010/ccs/ccs_base/msp430/include" --include_path="C:/data/projects/Point tavle/Git/ScoreBoard/ScoreBoard" --include_path="C:/ti/ccs1010/ccs/tools/compiler/ti-cgt-msp430_20.8.0.STS/include" --advice:power=all --define=__MSP430F5419A__ -g --printf_support=minimal --diag_warning=225 --diag_wrap=off --display_error_number --silicon_errata=CPU21 --silicon_errata=CPU22 --silicon_errata=CPU23 --silicon_errata=CPU40 --preproc_with_compile --preproc_dependency="RS485.d_raw"  "../RS485.c"
Finished building: "../RS485.c"
 
Building file: "../blinker.c"
Invoking: MSP430 Compiler
"C:/ti/ccs1010/ccs/tools/compiler/ti-cgt-msp430_20.8.0.STS/bin/cl430" -vmspx --data_model=restricted --use_hw_mpy=F5 --include_path="C:/ti/ccs1010/ccs/ccs_base/msp430/include" --include_path="C:/data/projects/Point tavle/Git/ScoreBoard/ScoreBoard" --include_path="C:/ti/ccs1010/ccs/tools/compiler/ti-cgt-msp430_20.8.0.STS/include" --advice:power=all --define=__MSP430F5419A__ -g --printf_support=minimal --diag_warning=225 --diag_wrap=off --display_error_number --silicon_errata=CPU21 --silicon_errata=CPU22 --silicon_errata=CPU23 --silicon_errata=CPU40 --preproc_with_compile --preproc_dependency="blinker.d_raw"  "../blinker.c"
Finished building: "../blinker.c"
 
Building file: "../Init.c"
Invoking: MSP430 Compiler
"C:/ti/ccs1010/ccs/tools/compiler/ti-cgt-msp430_20.8.0.STS/bin/cl430" -vmspx --data_model=restricted --use_hw_mpy=F5 --include_path="C:/ti/ccs1010/ccs/ccs_base/msp430/include" --include_path="C:/data/projects/Point tavle/Git/ScoreBoard/ScoreBoard" --include_path="C:/ti/ccs1010/ccs/tools/compiler/ti-cgt-msp430_20.8.0.STS/include" --advice:power=all --define=__MSP430F5419A__ -g --printf_support=minimal --diag_warning=225 --diag_wrap=off --display_error_number --silicon_errata=CPU21 --silicon_errata=CPU22 --silicon_errata=CPU23 --silicon_errata=CPU40 --preproc_with_compile --preproc_dependency="Init.d_raw"  "../Init.c"
Finished building: "../Init.c"
 
Building file: "../global.c"
Invoking: MSP430 Compiler
"C:/ti/ccs1010/ccs/tools/compiler/ti-cgt-msp430_20.8.0.STS/bin/cl430" -vmspx --data_model=restricted --use_hw_mpy=F5 --include_path="C:/ti/ccs1010/ccs/ccs_base/msp430/include" --include_path="C:/data/projects/Point tavle/Git/ScoreBoard/ScoreBoard" --include_path="C:/ti/ccs1010/ccs/tools/compiler/ti-cgt-msp430_20.8.0.STS/include" --advice:power=all --define=__MSP430F5419A__ -g --printf_support=minimal --diag_warning=225 --diag_wrap=off --display_error_number --silicon_errata=CPU21 --silicon_errata=CPU22 --silicon_errata=CPU23 --silicon_errata=CPU40 --preproc_with_compile --preproc_dependency="global.d_raw"  "../global.c"
"../global.c", line 9: remark #1535-D: (ULP 8.1) variable "DataBufferData" is used as a constant. Recommend declaring variable as either 'static const' or 'const'
Finished building: "../global.c"
 
Building file: "../rxbuffer.c"
Invoking: MSP430 Compiler
"C:/ti/ccs1010/ccs/tools/compiler/ti-cgt-msp430_20.8.0.STS/bin/cl430" -vmspx --data_model=restricted --use_hw_mpy=F5 --include_path="C:/ti/ccs1010/ccs/ccs_base/msp430/include" --include_path="C:/data/projects/Point tavle/Git/ScoreBoard/ScoreBoard" --include_path="C:/ti/ccs1010/ccs/tools/compiler/ti-cgt-msp430_20.8.0.STS/include" --advice:power=all --define=__MSP430F5419A__ -g --printf_support=minimal --diag_warning=225 --diag_wrap=off --display_error_number --silicon_errata=CPU21 --silicon_errata=CPU22 --silicon_errata=CPU23 --silicon_errata=CPU40 --preproc_with_compile --preproc_dependency="rxbuffer.d_raw"  "../rxbuffer.c"
Finished building: "../rxbuffer.c"
 
Building file: "../main.c"
Invoking: MSP430 Compiler
"C:/ti/ccs1010/ccs/tools/compiler/ti-cgt-msp430_20.8.0.STS/bin/cl430" -vmspx --data_model=restricted --use_hw_mpy=F5 --include_path="C:/ti/ccs1010/ccs/ccs_base/msp430/include" --include_path="C:/data/projects/Point tavle/Git/ScoreBoard/ScoreBoard" --include_path="C:/ti/ccs1010/ccs/tools/compiler/ti-cgt-msp430_20.8.0.STS/include" --advice:power=all --define=__MSP430F5419A__ -g --printf_support=minimal --diag_warning=225 --diag_wrap=off --display_error_number --silicon_errata=CPU21 --silicon_errata=CPU22 --silicon_errata=CPU23 --silicon_errata=CPU40 --preproc_with_compile --preproc_dependency="main.d_raw"  "../main.c"
"../main.c", line 56: remark #1527-D: (ULP 2.1) Detected SW delay loop using empty loop. Recommend using a timer module instead
"../main.c", line 62: remark #1527-D: (ULP 2.1) Detected SW delay loop using empty loop. Recommend using a timer module instead
"../main.c", line 68: remark #1527-D: (ULP 2.1) Detected SW delay loop using empty loop. Recommend using a timer module instead
"../main.c", line 74: remark #1527-D: (ULP 2.1) Detected SW delay loop using empty loop. Recommend using a timer module instead
"../main.c", line 80: remark #1527-D: (ULP 2.1) Detected SW delay loop using empty loop. Recommend using a timer module instead
"../main.c", line 86: remark #1527-D: (ULP 2.1) Detected SW delay loop using empty loop. Recommend using a timer module instead
"../main.c", line 92: remark #1527-D: (ULP 2.1) Detected SW delay loop using empty loop. Recommend using a timer module instead
"../main.c", line 98: remark #1527-D: (ULP 2.1) Detected SW delay loop using empty loop. Recommend using a timer module instead
"../main.c", line 36: remark #1535-D: (ULP 8.1) variable "Sek_count" is used as a constant. Recommend declaring variable as either 'static const' or 'const'
Finished building: "../main.c"
 
Building file: "../handledatabuffer.c"
Invoking: MSP430 Compiler
"C:/ti/ccs1010/ccs/tools/compiler/ti-cgt-msp430_20.8.0.STS/bin/cl430" -vmspx --data_model=restricted --use_hw_mpy=F5 --include_path="C:/ti/ccs1010/ccs/ccs_base/msp430/include" --include_path="C:/data/projects/Point tavle/Git/ScoreBoard/ScoreBoard" --include_path="C:/ti/ccs1010/ccs/tools/compiler/ti-cgt-msp430_20.8.0.STS/include" --advice:power=all --define=__MSP430F5419A__ -g --printf_support=minimal --diag_warning=225 --diag_wrap=off --display_error_number --silicon_errata=CPU21 --silicon_errata=CPU22 --silicon_errata=CPU23 --silicon_errata=CPU40 --preproc_with_compile --preproc_dependency="handledatabuffer.d_raw"  "../handledatabuffer.c"
"../handledatabuffer.c", line 137: remark #1530-D: (ULP 5.1) Detected divide operation(s). Recommend moving them to RAM during run time or not using as these are processing/power intensive
"../handledatabuffer.c", line 138: remark #1530-D: (ULP 5.1) Detected modulo operation(s). Recommend moving them to RAM during run time or not using as these are processing/power intensive
Finished building: "../handledatabuffer.c"
 
Building target: "ScoreBoard.out"
Invoking: MSP430 Linker
"C:/ti/ccs1010/ccs/tools/compiler/ti-cgt-msp430_20.8.0.STS/bin/cl430" -vmspx --data_model=restricted --use_hw_mpy=F5 --advice:power=all --define=__MSP430F5419A__ -g --printf_support=minimal --diag_warning=225 --diag_wrap=off --display_error_number --silicon_errata=CPU21 --silicon_errata=CPU22 --silicon_errata=CPU23 --silicon_errata=CPU40 -z -m"ScoreBoard.map" --heap_size=160 --stack_size=160 --cinit_hold_wdt=on -i"C:/ti/ccs1010/ccs/ccs_base/msp430/include" -i"C:/ti/ccs1010/ccs/ccs_base/msp430/lib/5xx_6xx_FRxx" -i"C:/ti/ccs1010/ccs/tools/compiler/ti-cgt-msp430_20.8.0.STS/lib" -i"C:/ti/ccs1010/ccs/tools/compiler/ti-cgt-msp430_20.8.0.STS/include" --reread_libs --diag_wrap=off --display_error_number --warn_sections --xml_link_info="ScoreBoard_linkInfo.xml" --use_hw_mpy=F5 --rom_model -o "ScoreBoard.out" "./Init.obj" "./RS485.obj" "./Timer.obj" "./blinker.obj" "./global.obj" "./handledatabuffer.obj" "./main.obj" "./rxbuffer.obj" "../lnk_msp430f5419a.cmd"  -llibmath.a -llibc.a 
<Linking>
remark #10372-D: (ULP 4.1) Detected uninitialized Port F in this project. Recommend initializing all unused ports to eliminate wasted current consumption on unused pins.
Finished building target: "ScoreBoard.out"
 

**** Build Finished ****

**** Build of configuration Debug for project ScoreBoard ****

"C:\\ti\\ccs1010\\ccs\\utils\\bin\\gmake" -k -j 12 all -O 
 
gmake[1]: 'ScoreBoard.out' is up to date.

**** Build Finished ****

**** Clean-only build of configuration Debug for project ScoreBoard-hw-v2 ****

"C:\\ti\\ccs1010\\ccs\\utils\\bin\\gmake" -k -j 12 clean -O 
 
DEL /F  "ScoreBoard.hex"  "ScoreBoard.out" 
DEL /F "Init.obj" "RS485.obj" "Timer.obj" "blinker.obj" "global.obj" "handledatabuffer.obj" "main.obj" "rxbuffer.obj" 
DEL /F "Init.d" "RS485.d" "Timer.d" "blinker.d" "global.d" "handledatabuffer.d" "main.d" "rxbuffer.d" 
Finished clean
 

**** Build Finished ****

**** Build of configuration Debug for project ScoreBoard-hw-v2 ****

"C:\\ti\\ccs1010\\ccs\\utils\\bin\\gmake" -k -j 12 all -O 
 
Building file: "../global.c"
Invoking: MSP430 Compiler
"C:/ti/ccs1010/ccs/tools/compiler/ti-cgt-msp430_20.2.1.LTS/bin/cl430" -vmspx --data_model=restricted --use_hw_mpy=F5 --include_path="C:/ti/ccs1010/ccs/ccs_base/msp430/include" --include_path="C:/data/projects/Point tavle/Git/ScoreBoard/ScoreBoard-hw-v2" --include_path="C:/ti/ccs1010/ccs/tools/compiler/ti-cgt-msp430_20.2.1.LTS/include" --advice:power=all --define=__MSP430F5419A__ -g --printf_support=minimal --diag_warning=225 --diag_wrap=off --display_error_number --silicon_errata=CPU21 --silicon_errata=CPU22 --silicon_errata=CPU23 --silicon_errata=CPU40 --preproc_with_compile --preproc_dependency="global.d_raw"  "../global.c"
"../global.c", line 9: remark #1535-D: (ULP 8.1) variable "DataBufferData" is used as a constant. Recommend declaring variable as either 'static const' or 'const'
Finished building: "../global.c"
 
Building file: "../RS485.c"
Invoking: MSP430 Compiler
"C:/ti/ccs1010/ccs/tools/compiler/ti-cgt-msp430_20.2.1.LTS/bin/cl430" -vmspx --data_model=restricted --use_hw_mpy=F5 --include_path="C:/ti/ccs1010/ccs/ccs_base/msp430/include" --include_path="C:/data/projects/Point tavle/Git/ScoreBoard/ScoreBoard-hw-v2" --include_path="C:/ti/ccs1010/ccs/tools/compiler/ti-cgt-msp430_20.2.1.LTS/include" --advice:power=all --define=__MSP430F5419A__ -g --printf_support=minimal --diag_warning=225 --diag_wrap=off --display_error_number --silicon_errata=CPU21 --silicon_errata=CPU22 --silicon_errata=CPU23 --silicon_errata=CPU40 --preproc_with_compile --preproc_dependency="RS485.d_raw"  "../RS485.c"
Finished building: "../RS485.c"
 
Building file: "../Timer.c"
Invoking: MSP430 Compiler
"C:/ti/ccs1010/ccs/tools/compiler/ti-cgt-msp430_20.2.1.LTS/bin/cl430" -vmspx --data_model=restricted --use_hw_mpy=F5 --include_path="C:/ti/ccs1010/ccs/ccs_base/msp430/include" --include_path="C:/data/projects/Point tavle/Git/ScoreBoard/ScoreBoard-hw-v2" --include_path="C:/ti/ccs1010/ccs/tools/compiler/ti-cgt-msp430_20.2.1.LTS/include" --advice:power=all --define=__MSP430F5419A__ -g --printf_support=minimal --diag_warning=225 --diag_wrap=off --display_error_number --silicon_errata=CPU21 --silicon_errata=CPU22 --silicon_errata=CPU23 --silicon_errata=CPU40 --preproc_with_compile --preproc_dependency="Timer.d_raw"  "../Timer.c"
Finished building: "../Timer.c"
 
Building file: "../Init.c"
Invoking: MSP430 Compiler
"C:/ti/ccs1010/ccs/tools/compiler/ti-cgt-msp430_20.2.1.LTS/bin/cl430" -vmspx --data_model=restricted --use_hw_mpy=F5 --include_path="C:/ti/ccs1010/ccs/ccs_base/msp430/include" --include_path="C:/data/projects/Point tavle/Git/ScoreBoard/ScoreBoard-hw-v2" --include_path="C:/ti/ccs1010/ccs/tools/compiler/ti-cgt-msp430_20.2.1.LTS/include" --advice:power=all --define=__MSP430F5419A__ -g --printf_support=minimal --diag_warning=225 --diag_wrap=off --display_error_number --silicon_errata=CPU21 --silicon_errata=CPU22 --silicon_errata=CPU23 --silicon_errata=CPU40 --preproc_with_compile --preproc_dependency="Init.d_raw"  "../Init.c"
Finished building: "../Init.c"
 
Building file: "../blinker.c"
Invoking: MSP430 Compiler
"C:/ti/ccs1010/ccs/tools/compiler/ti-cgt-msp430_20.2.1.LTS/bin/cl430" -vmspx --data_model=restricted --use_hw_mpy=F5 --include_path="C:/ti/ccs1010/ccs/ccs_base/msp430/include" --include_path="C:/data/projects/Point tavle/Git/ScoreBoard/ScoreBoard-hw-v2" --include_path="C:/ti/ccs1010/ccs/tools/compiler/ti-cgt-msp430_20.2.1.LTS/include" --advice:power=all --define=__MSP430F5419A__ -g --printf_support=minimal --diag_warning=225 --diag_wrap=off --display_error_number --silicon_errata=CPU21 --silicon_errata=CPU22 --silicon_errata=CPU23 --silicon_errata=CPU40 --preproc_with_compile --preproc_dependency="blinker.d_raw"  "../blinker.c"
Finished building: "../blinker.c"
 
Building file: "../main.c"
Invoking: MSP430 Compiler
"C:/ti/ccs1010/ccs/tools/compiler/ti-cgt-msp430_20.2.1.LTS/bin/cl430" -vmspx --data_model=restricted --use_hw_mpy=F5 --include_path="C:/ti/ccs1010/ccs/ccs_base/msp430/include" --include_path="C:/data/projects/Point tavle/Git/ScoreBoard/ScoreBoard-hw-v2" --include_path="C:/ti/ccs1010/ccs/tools/compiler/ti-cgt-msp430_20.2.1.LTS/include" --advice:power=all --define=__MSP430F5419A__ -g --printf_support=minimal --diag_warning=225 --diag_wrap=off --display_error_number --silicon_errata=CPU21 --silicon_errata=CPU22 --silicon_errata=CPU23 --silicon_errata=CPU40 --preproc_with_compile --preproc_dependency="main.d_raw"  "../main.c"
"../main.c", line 56: remark #1527-D: (ULP 2.1) Detected SW delay loop using empty loop. Recommend using a timer module instead
"../main.c", line 62: remark #1527-D: (ULP 2.1) Detected SW delay loop using empty loop. Recommend using a timer module instead
"../main.c", line 68: remark #1527-D: (ULP 2.1) Detected SW delay loop using empty loop. Recommend using a timer module instead
"../main.c", line 74: remark #1527-D: (ULP 2.1) Detected SW delay loop using empty loop. Recommend using a timer module instead
"../main.c", line 80: remark #1527-D: (ULP 2.1) Detected SW delay loop using empty loop. Recommend using a timer module instead
"../main.c", line 86: remark #1527-D: (ULP 2.1) Detected SW delay loop using empty loop. Recommend using a timer module instead
"../main.c", line 92: remark #1527-D: (ULP 2.1) Detected SW delay loop using empty loop. Recommend using a timer module instead
"../main.c", line 98: remark #1527-D: (ULP 2.1) Detected SW delay loop using empty loop. Recommend using a timer module instead
"../main.c", line 36: remark #1535-D: (ULP 8.1) variable "Sek_count" is used as a constant. Recommend declaring variable as either 'static const' or 'const'
Finished building: "../main.c"
 
Building file: "../rxbuffer.c"
Invoking: MSP430 Compiler
"C:/ti/ccs1010/ccs/tools/compiler/ti-cgt-msp430_20.2.1.LTS/bin/cl430" -vmspx --data_model=restricted --use_hw_mpy=F5 --include_path="C:/ti/ccs1010/ccs/ccs_base/msp430/include" --include_path="C:/data/projects/Point tavle/Git/ScoreBoard/ScoreBoard-hw-v2" --include_path="C:/ti/ccs1010/ccs/tools/compiler/ti-cgt-msp430_20.2.1.LTS/include" --advice:power=all --define=__MSP430F5419A__ -g --printf_support=minimal --diag_warning=225 --diag_wrap=off --display_error_number --silicon_errata=CPU21 --silicon_errata=CPU22 --silicon_errata=CPU23 --silicon_errata=CPU40 --preproc_with_compile --preproc_dependency="rxbuffer.d_raw"  "../rxbuffer.c"
Finished building: "../rxbuffer.c"
 
Building file: "../handledatabuffer.c"
Invoking: MSP430 Compiler
"C:/ti/ccs1010/ccs/tools/compiler/ti-cgt-msp430_20.2.1.LTS/bin/cl430" -vmspx --data_model=restricted --use_hw_mpy=F5 --include_path="C:/ti/ccs1010/ccs/ccs_base/msp430/include" --include_path="C:/data/projects/Point tavle/Git/ScoreBoard/ScoreBoard-hw-v2" --include_path="C:/ti/ccs1010/ccs/tools/compiler/ti-cgt-msp430_20.2.1.LTS/include" --advice:power=all --define=__MSP430F5419A__ -g --printf_support=minimal --diag_warning=225 --diag_wrap=off --display_error_number --silicon_errata=CPU21 --silicon_errata=CPU22 --silicon_errata=CPU23 --silicon_errata=CPU40 --preproc_with_compile --preproc_dependency="handledatabuffer.d_raw"  "../handledatabuffer.c"
"../handledatabuffer.c", line 137: remark #1530-D: (ULP 5.1) Detected divide operation(s). Recommend moving them to RAM during run time or not using as these are processing/power intensive
"../handledatabuffer.c", line 138: remark #1530-D: (ULP 5.1) Detected modulo operation(s). Recommend moving them to RAM during run time or not using as these are processing/power intensive
Finished building: "../handledatabuffer.c"
 
Building target: "ScoreBoard-hw-v2.out"
Invoking: MSP430 Linker
"C:/ti/ccs1010/ccs/tools/compiler/ti-cgt-msp430_20.2.1.LTS/bin/cl430" -vmspx --data_model=restricted --use_hw_mpy=F5 --advice:power=all --define=__MSP430F5419A__ -g --printf_support=minimal --diag_warning=225 --diag_wrap=off --display_error_number --silicon_errata=CPU21 --silicon_errata=CPU22 --silicon_errata=CPU23 --silicon_errata=CPU40 -z -m"ScoreBoard-hw-v2.map" --heap_size=160 --stack_size=160 --cinit_hold_wdt=on -i"C:/ti/ccs1010/ccs/ccs_base/msp430/include" -i"C:/ti/ccs1010/ccs/ccs_base/msp430/lib/5xx_6xx_FRxx" -i"C:/ti/ccs1010/ccs/tools/compiler/ti-cgt-msp430_20.2.1.LTS/lib" -i"C:/ti/ccs1010/ccs/tools/compiler/ti-cgt-msp430_20.2.1.LTS/include" --reread_libs --diag_wrap=off --display_error_number --warn_sections --xml_link_info="ScoreBoard-hw-v2_linkInfo.xml" --use_hw_mpy=F5 --rom_model -o "ScoreBoard-hw-v2.out" "./Init.obj" "./RS485.obj" "./Timer.obj" "./blinker.obj" "./global.obj" "./handledatabuffer.obj" "./main.obj" "./rxbuffer.obj" "../lnk_msp430f5419a.cmd"  -llibmath.a -llibc.a 
<Linking>
remark #10372-D: (ULP 4.1) Detected uninitialized Port F in this project. Recommend initializing all unused ports to eliminate wasted current consumption on unused pins.
Finished building target: "ScoreBoard-hw-v2.out"
 

**** Build Finished ****

**** Build of configuration Debug for project Timer ****

"C:\\ti\\ccs1010\\ccs\\utils\\bin\\gmake" -k -j 12 all -O 
 
gmake[1]: 'Timer.out' is up to date.

**** Build Finished ****

**** Build of configuration Debug for project ScoreBoard-hw-v2 ****

"C:\\ti\\ccs1010\\ccs\\utils\\bin\\gmake" -k -j 12 all -O 
 
Building file: "../global.c"
Invoking: MSP430 Compiler
"C:/ti/ccs1010/ccs/tools/compiler/ti-cgt-msp430_20.2.2.LTS/bin/cl430" -vmspx --data_model=restricted --use_hw_mpy=F5 --include_path="C:/ti/ccs1010/ccs/ccs_base/msp430/include" --include_path="C:/data/projects/Point tavle/Git/ScoreBoard/ScoreBoard-hw-v2" --include_path="C:/ti/ccs1010/ccs/tools/compiler/ti-cgt-msp430_20.2.2.LTS/include" --advice:power=all --define=__MSP430F5419A__ -g --printf_support=minimal --diag_warning=225 --diag_wrap=off --display_error_number --silicon_errata=CPU21 --silicon_errata=CPU22 --silicon_errata=CPU23 --silicon_errata=CPU40 --preproc_with_compile --preproc_dependency="global.d_raw"  "../global.c"
"../global.c", line 9: remark #1535-D: (ULP 8.1) variable "DataBufferData" is used as a constant. Recommend declaring variable as either 'static const' or 'const'
Finished building: "../global.c"
 
Building file: "../Init.c"
Invoking: MSP430 Compiler
"C:/ti/ccs1010/ccs/tools/compiler/ti-cgt-msp430_20.2.2.LTS/bin/cl430" -vmspx --data_model=restricted --use_hw_mpy=F5 --include_path="C:/ti/ccs1010/ccs/ccs_base/msp430/include" --include_path="C:/data/projects/Point tavle/Git/ScoreBoard/ScoreBoard-hw-v2" --include_path="C:/ti/ccs1010/ccs/tools/compiler/ti-cgt-msp430_20.2.2.LTS/include" --advice:power=all --define=__MSP430F5419A__ -g --printf_support=minimal --diag_warning=225 --diag_wrap=off --display_error_number --silicon_errata=CPU21 --silicon_errata=CPU22 --silicon_errata=CPU23 --silicon_errata=CPU40 --preproc_with_compile --preproc_dependency="Init.d_raw"  "../Init.c"
Finished building: "../Init.c"
 
Building file: "../Timer.c"
Invoking: MSP430 Compiler
"C:/ti/ccs1010/ccs/tools/compiler/ti-cgt-msp430_20.2.2.LTS/bin/cl430" -vmspx --data_model=restricted --use_hw_mpy=F5 --include_path="C:/ti/ccs1010/ccs/ccs_base/msp430/include" --include_path="C:/data/projects/Point tavle/Git/ScoreBoard/ScoreBoard-hw-v2" --include_path="C:/ti/ccs1010/ccs/tools/compiler/ti-cgt-msp430_20.2.2.LTS/include" --advice:power=all --define=__MSP430F5419A__ -g --printf_support=minimal --diag_warning=225 --diag_wrap=off --display_error_number --silicon_errata=CPU21 --silicon_errata=CPU22 --silicon_errata=CPU23 --silicon_errata=CPU40 --preproc_with_compile --preproc_dependency="Timer.d_raw"  "../Timer.c"
Finished building: "../Timer.c"
 
Building file: "../RS485.c"
Invoking: MSP430 Compiler
"C:/ti/ccs1010/ccs/tools/compiler/ti-cgt-msp430_20.2.2.LTS/bin/cl430" -vmspx --data_model=restricted --use_hw_mpy=F5 --include_path="C:/ti/ccs1010/ccs/ccs_base/msp430/include" --include_path="C:/data/projects/Point tavle/Git/ScoreBoard/ScoreBoard-hw-v2" --include_path="C:/ti/ccs1010/ccs/tools/compiler/ti-cgt-msp430_20.2.2.LTS/include" --advice:power=all --define=__MSP430F5419A__ -g --printf_support=minimal --diag_warning=225 --diag_wrap=off --display_error_number --silicon_errata=CPU21 --silicon_errata=CPU22 --silicon_errata=CPU23 --silicon_errata=CPU40 --preproc_with_compile --preproc_dependency="RS485.d_raw"  "../RS485.c"
Finished building: "../RS485.c"
 
Building file: "../blinker.c"
Invoking: MSP430 Compiler
"C:/ti/ccs1010/ccs/tools/compiler/ti-cgt-msp430_20.2.2.LTS/bin/cl430" -vmspx --data_model=restricted --use_hw_mpy=F5 --include_path="C:/ti/ccs1010/ccs/ccs_base/msp430/include" --include_path="C:/data/projects/Point tavle/Git/ScoreBoard/ScoreBoard-hw-v2" --include_path="C:/ti/ccs1010/ccs/tools/compiler/ti-cgt-msp430_20.2.2.LTS/include" --advice:power=all --define=__MSP430F5419A__ -g --printf_support=minimal --diag_warning=225 --diag_wrap=off --display_error_number --silicon_errata=CPU21 --silicon_errata=CPU22 --silicon_errata=CPU23 --silicon_errata=CPU40 --preproc_with_compile --preproc_dependency="blinker.d_raw"  "../blinker.c"
Finished building: "../blinker.c"
 
Building file: "../handledatabuffer.c"
Invoking: MSP430 Compiler
"C:/ti/ccs1010/ccs/tools/compiler/ti-cgt-msp430_20.2.2.LTS/bin/cl430" -vmspx --data_model=restricted --use_hw_mpy=F5 --include_path="C:/ti/ccs1010/ccs/ccs_base/msp430/include" --include_path="C:/data/projects/Point tavle/Git/ScoreBoard/ScoreBoard-hw-v2" --include_path="C:/ti/ccs1010/ccs/tools/compiler/ti-cgt-msp430_20.2.2.LTS/include" --advice:power=all --define=__MSP430F5419A__ -g --printf_support=minimal --diag_warning=225 --diag_wrap=off --display_error_number --silicon_errata=CPU21 --silicon_errata=CPU22 --silicon_errata=CPU23 --silicon_errata=CPU40 --preproc_with_compile --preproc_dependency="handledatabuffer.d_raw"  "../handledatabuffer.c"
"../handledatabuffer.c", line 137: remark #1530-D: (ULP 5.1) Detected divide operation(s). Recommend moving them to RAM during run time or not using as these are processing/power intensive
"../handledatabuffer.c", line 138: remark #1530-D: (ULP 5.1) Detected modulo operation(s). Recommend moving them to RAM during run time or not using as these are processing/power intensive
Finished building: "../handledatabuffer.c"
 
Building file: "../main.c"
Invoking: MSP430 Compiler
"C:/ti/ccs1010/ccs/tools/compiler/ti-cgt-msp430_20.2.2.LTS/bin/cl430" -vmspx --data_model=restricted --use_hw_mpy=F5 --include_path="C:/ti/ccs1010/ccs/ccs_base/msp430/include" --include_path="C:/data/projects/Point tavle/Git/ScoreBoard/ScoreBoard-hw-v2" --include_path="C:/ti/ccs1010/ccs/tools/compiler/ti-cgt-msp430_20.2.2.LTS/include" --advice:power=all --define=__MSP430F5419A__ -g --printf_support=minimal --diag_warning=225 --diag_wrap=off --display_error_number --silicon_errata=CPU21 --silicon_errata=CPU22 --silicon_errata=CPU23 --silicon_errata=CPU40 --preproc_with_compile --preproc_dependency="main.d_raw"  "../main.c"
"../main.c", line 56: remark #1527-D: (ULP 2.1) Detected SW delay loop using empty loop. Recommend using a timer module instead
"../main.c", line 62: remark #1527-D: (ULP 2.1) Detected SW delay loop using empty loop. Recommend using a timer module instead
"../main.c", line 68: remark #1527-D: (ULP 2.1) Detected SW delay loop using empty loop. Recommend using a timer module instead
"../main.c", line 74: remark #1527-D: (ULP 2.1) Detected SW delay loop using empty loop. Recommend using a timer module instead
"../main.c", line 80: remark #1527-D: (ULP 2.1) Detected SW delay loop using empty loop. Recommend using a timer module instead
"../main.c", line 86: remark #1527-D: (ULP 2.1) Detected SW delay loop using empty loop. Recommend using a timer module instead
"../main.c", line 92: remark #1527-D: (ULP 2.1) Detected SW delay loop using empty loop. Recommend using a timer module instead
"../main.c", line 98: remark #1527-D: (ULP 2.1) Detected SW delay loop using empty loop. Recommend using a timer module instead
"../main.c", line 36: remark #1535-D: (ULP 8.1) variable "Sek_count" is used as a constant. Recommend declaring variable as either 'static const' or 'const'
Finished building: "../main.c"
 
Building file: "../rxbuffer.c"
Invoking: MSP430 Compiler
"C:/ti/ccs1010/ccs/tools/compiler/ti-cgt-msp430_20.2.2.LTS/bin/cl430" -vmspx --data_model=restricted --use_hw_mpy=F5 --include_path="C:/ti/ccs1010/ccs/ccs_base/msp430/include" --include_path="C:/data/projects/Point tavle/Git/ScoreBoard/ScoreBoard-hw-v2" --include_path="C:/ti/ccs1010/ccs/tools/compiler/ti-cgt-msp430_20.2.2.LTS/include" --advice:power=all --define=__MSP430F5419A__ -g --printf_support=minimal --diag_warning=225 --diag_wrap=off --display_error_number --silicon_errata=CPU21 --silicon_errata=CPU22 --silicon_errata=CPU23 --silicon_errata=CPU40 --preproc_with_compile --preproc_dependency="rxbuffer.d_raw"  "../rxbuffer.c"
Finished building: "../rxbuffer.c"
 
Building target: "ScoreBoard-hw-v2.out"
Invoking: MSP430 Linker
"C:/ti/ccs1010/ccs/tools/compiler/ti-cgt-msp430_20.2.2.LTS/bin/cl430" -vmspx --data_model=restricted --use_hw_mpy=F5 --advice:power=all --define=__MSP430F5419A__ -g --printf_support=minimal --diag_warning=225 --diag_wrap=off --display_error_number --silicon_errata=CPU21 --silicon_errata=CPU22 --silicon_errata=CPU23 --silicon_errata=CPU40 -z -m"ScoreBoard-hw-v2.map" --heap_size=160 --stack_size=160 --cinit_hold_wdt=on -i"C:/ti/ccs1010/ccs/ccs_base/msp430/include" -i"C:/ti/ccs1010/ccs/ccs_base/msp430/lib/5xx_6xx_FRxx" -i"C:/ti/ccs1010/ccs/tools/compiler/ti-cgt-msp430_20.2.2.LTS/lib" -i"C:/ti/ccs1010/ccs/tools/compiler/ti-cgt-msp430_20.2.2.LTS/include" --reread_libs --diag_wrap=off --display_error_number --warn_sections --xml_link_info="ScoreBoard-hw-v2_linkInfo.xml" --use_hw_mpy=F5 --rom_model -o "ScoreBoard-hw-v2.out" "./Init.obj" "./RS485.obj" "./Timer.obj" "./blinker.obj" "./global.obj" "./handledatabuffer.obj" "./main.obj" "./rxbuffer.obj" "../lnk_msp430f5419a.cmd"  -llibmath.a -llibc.a 
<Linking>
remark #10372-D: (ULP 4.1) Detected uninitialized Port F in this project. Recommend initializing all unused ports to eliminate wasted current consumption on unused pins.
Finished building target: "ScoreBoard-hw-v2.out"
 

**** Build Finished ****
